<?xml version="1.0" encoding="UTF-8"?>
<testng-results skipped="0" failed="0" ignored="0" total="1" passed="1">
  <reporter-output>
  </reporter-output>
  <suite name="Default suite" duration-ms="15672" started-at="2020-03-05T16:01:58 EST" finished-at="2020-03-05T16:02:14 EST">
    <groups>
    </groups>
    <test name="Default test" duration-ms="15672" started-at="2020-03-05T16:01:58 EST" finished-at="2020-03-05T16:02:14 EST">
      <class name="allTests.HomePageTest">
        <test-method status="PASS" signature="titleValidation()[pri:0, instance:allTests.HomePageTest@51e2adc7]" name="titleValidation" duration-ms="11224" started-at="2020-03-05T16:01:58 EST" finished-at="2020-03-05T16:02:09 EST">
          <reporter-output>
          </reporter-output>
        </test-method> <!-- titleValidation -->
        <test-method status="PASS" signature="tearDown()[pri:0, instance:allTests.HomePageTest@51e2adc7]" name="tearDown" is-config="true" duration-ms="4404" started-at="2020-03-05T16:02:09 EST" finished-at="2020-03-05T16:02:14 EST">
          <reporter-output>
          </reporter-output>
        </test-method> <!-- tearDown -->
      </class> <!-- allTests.HomePageTest -->
    </test> <!-- Default test -->
  </suite> <!-- Default suite -->
</testng-results>
